[09:52:58] [main/INFO]: Environment: authHost='https://authserver.mojang.com', accountsHost='https://api.mojang.com', sessionHost='https://sessionserver.mojang.com', name='PROD'
[09:52:58] [main/INFO]: Reloading ResourceManager: Default, bukkit
[09:52:59] [Server-Worker-14/INFO]: Loaded 7 recipes
[09:53:00] [Server thread/INFO]: Starting minecraft server version 1.16.1
[09:53:00] [Server thread/INFO]: Loading properties
[09:53:00] [Server thread/INFO]: This server is running Paper version git-Paper-10 (MC: 1.16.1) (Implementing API version 1.16.1-R0.1-SNAPSHOT)
[09:53:00] [Server thread/INFO]: Server Ping Player Sample Count: 12
[09:53:00] [Server thread/INFO]: Using 4 threads for Netty based IO
[09:53:00] [Server thread/INFO]: Debug logging is disabled
[09:53:00] [Server thread/INFO]: Default game type: SURVIVAL
[09:53:00] [Server thread/INFO]: Generating keypair
[09:53:01] [Server thread/INFO]: Starting Minecraft server on *:25565
[09:53:01] [Server thread/INFO]: Using default channel type
[09:53:01] [Server thread/INFO]: [LuckPerms] Loading LuckPerms v5.1.63
[09:53:01] [Server thread/INFO]: [WorldEdit] Loading WorldEdit v7.1.0;8e55131
[09:53:02] [Server thread/INFO]: Got request to register class com.sk89q.worldedit.bukkit.BukkitServerInterface with WorldEdit [com.sk89q.worldedit.extension.platform.PlatformManager@2ab3f2fa]
[09:53:02] [Server thread/INFO]: [WorldGuard] Loading WorldGuard v7.0.4-beta1;bc551da
[09:53:02] [Server thread/INFO]: Server permissions file permissions.yml is empty, ignoring it
[09:53:02] [Server thread/INFO]: [LuckPerms] Enabling LuckPerms v5.1.63
[09:53:02] [Server thread/INFO]:         __    
[09:53:02] [Server thread/INFO]:   |    |__)   LuckPerms v5.1.63
[09:53:02] [Server thread/INFO]:   |___ |      Running on Bukkit - Paper
[09:53:02] [Server thread/INFO]: 
[09:53:02] [Server thread/INFO]: [LuckPerms] Loading configuration...
[09:53:02] [Server thread/INFO]: [LuckPerms] Loading storage provider... [H2]
[09:53:03] [Server thread/INFO]: [LuckPerms] Loading internal permission managers...
[09:53:03] [Server thread/INFO]: [LuckPerms] Performing initial data load...
[09:53:03] [Server thread/INFO]: [LuckPerms] Successfully enabled. (took 1531ms)
[09:53:03] [Server thread/INFO]: [WorldEdit] Enabling WorldEdit v7.1.0;8e55131
[09:53:03] [Server thread/INFO]: WEPIF: Using the Bukkit Permissions API.
[09:53:04] [Server thread/WARN]: 
**********************************************
** This WorldEdit version does not fully support your version of Bukkit.
**
** When working with blocks or undoing, chests will be empty, signs
** will be blank, and so on. There will be no support for entity
** and block property-related functions.
**
** Please see https://worldedit.enginehub.org/en/latest/faq/#bukkit-adapters
**********************************************

[09:53:04] [Server thread/INFO]: Preparing level "world"
[09:53:04] [Server thread/INFO]: -------- World Settings For [world] --------
[09:53:04] [Server thread/INFO]: Entity Tracking Range: Pl 48 / An 48 / Mo 48 / Mi 32 / Other 64
[09:53:04] [Server thread/INFO]: Allow Zombie Pigmen to spawn from portal blocks: true
[09:53:04] [Server thread/INFO]: View Distance: 10
[09:53:04] [Server thread/INFO]: Item Despawn Rate: 6000
[09:53:04] [Server thread/INFO]: Item Merge Radius: 2.5
[09:53:04] [Server thread/INFO]: Arrow Despawn Rate: 1200 Trident Respawn Rate:1200
[09:53:04] [Server thread/INFO]: Nerfing mobs spawned from spawners: false
[09:53:04] [Server thread/INFO]: Zombie Aggressive Towards Villager: true
[09:53:04] [Server thread/INFO]: Mob Spawn Range: 8
[09:53:04] [Server thread/INFO]: Custom Map Seeds:  Village: 10387312 Desert: 14357617 Igloo: 14357618 Jungle: 14357619 Swamp: 14357620 Monument: 10387313 Ocean: 14357621 Shipwreck: 165745295 End City: 10387313 Slime: 987234911 Bastion: 30084232 Fortress: 30084232 Mansion: 10387319 Fossil: 14357921 Portal: 34222645
[09:53:04] [Server thread/INFO]: Cactus Growth Modifier: 100%
[09:53:04] [Server thread/INFO]: Cane Growth Modifier: 100%
[09:53:04] [Server thread/INFO]: Melon Growth Modifier: 100%
[09:53:04] [Server thread/INFO]: Mushroom Growth Modifier: 100%
[09:53:04] [Server thread/INFO]: Pumpkin Growth Modifier: 100%
[09:53:04] [Server thread/INFO]: Sapling Growth Modifier: 100%
[09:53:04] [Server thread/INFO]: Beetroot Growth Modifier: 100%
[09:53:04] [Server thread/INFO]: Carrot Growth Modifier: 100%
[09:53:04] [Server thread/INFO]: Potato Growth Modifier: 100%
[09:53:04] [Server thread/INFO]: Wheat Growth Modifier: 100%
[09:53:04] [Server thread/INFO]: NetherWart Growth Modifier: 100%
[09:53:04] [Server thread/INFO]: Vine Growth Modifier: 100%
[09:53:04] [Server thread/INFO]: Cocoa Growth Modifier: 100%
[09:53:04] [Server thread/INFO]: Bamboo Growth Modifier: 100%
[09:53:04] [Server thread/INFO]: SweetBerry Growth Modifier: 100%
[09:53:04] [Server thread/INFO]: Kelp Growth Modifier: 100%
[09:53:04] [Server thread/INFO]: Experience Merge Radius: 3.0
[09:53:04] [Server thread/INFO]: Tile Max Tick Time: 50ms Entity max Tick Time: 50ms
[09:53:04] [Server thread/INFO]: Entity Activation Range: An 32 / Mo 32 / Ra 48 / Mi 16 / Tiv true
[09:53:04] [Server thread/INFO]: Hopper Transfer: 8 Hopper Check: 1 Hopper Amount: 1
[09:53:04] [Server thread/INFO]: Max TNT Explosions: 100
[09:53:04] [Server thread/INFO]: Registering commands with com.sk89q.worldedit.bukkit.BukkitServerInterface
[09:53:04] [Server thread/ERROR]: Encountered an unexpected exception
java.lang.RuntimeException: java.io.IOException: The process cannot access the file because another process has locked a portion of the file
	at net.minecraft.server.v1_16_R1.MinecraftServer.loadWorld(MinecraftServer.java:364) ~[patched_1.16.1.jar:git-Paper-10]
	at net.minecraft.server.v1_16_R1.DedicatedServer.init(DedicatedServer.java:241) ~[patched_1.16.1.jar:git-Paper-10]
	at net.minecraft.server.v1_16_R1.MinecraftServer.v(MinecraftServer.java:940) ~[patched_1.16.1.jar:git-Paper-10]
	at net.minecraft.server.v1_16_R1.MinecraftServer.lambda$a$0(MinecraftServer.java:177) ~[patched_1.16.1.jar:git-Paper-10]
	at java.lang.Thread.run(Thread.java:748) [?:1.8.0_212]
Caused by: java.io.IOException: The process cannot access the file because another process has locked a portion of the file
	at sun.nio.ch.FileDispatcherImpl.write0(Native Method) ~[?:1.8.0_212]
	at sun.nio.ch.FileDispatcherImpl.write(FileDispatcherImpl.java:75) ~[?:1.8.0_212]
	at sun.nio.ch.IOUtil.writeFromNativeBuffer(IOUtil.java:93) ~[?:1.8.0_212]
	at sun.nio.ch.IOUtil.write(IOUtil.java:51) ~[?:1.8.0_212]
	at sun.nio.ch.FileChannelImpl.write(FileChannelImpl.java:211) ~[?:1.8.0_212]
	at net.minecraft.server.v1_16_R1.SessionLock.a(SourceFile:40) ~[patched_1.16.1.jar:git-Paper-10]
	at net.minecraft.server.v1_16_R1.Convertable$ConversionSession.<init>(Convertable.java:198) ~[patched_1.16.1.jar:git-Paper-10]
	at net.minecraft.server.v1_16_R1.Convertable.c(Convertable.java:180) ~[patched_1.16.1.jar:git-Paper-10]
	at net.minecraft.server.v1_16_R1.MinecraftServer.loadWorld(MinecraftServer.java:362) ~[patched_1.16.1.jar:git-Paper-10]
	... 4 more
[09:53:04] [Server thread/ERROR]: 	Cause of unexpected exception was
java.io.IOException: The process cannot access the file because another process has locked a portion of the file
	at sun.nio.ch.FileDispatcherImpl.write0(Native Method) ~[?:1.8.0_212]
	at sun.nio.ch.FileDispatcherImpl.write(FileDispatcherImpl.java:75) ~[?:1.8.0_212]
	at sun.nio.ch.IOUtil.writeFromNativeBuffer(IOUtil.java:93) ~[?:1.8.0_212]
	at sun.nio.ch.IOUtil.write(IOUtil.java:51) ~[?:1.8.0_212]
	at sun.nio.ch.FileChannelImpl.write(FileChannelImpl.java:211) ~[?:1.8.0_212]
	at net.minecraft.server.v1_16_R1.SessionLock.a(SourceFile:40) ~[patched_1.16.1.jar:git-Paper-10]
	at net.minecraft.server.v1_16_R1.Convertable$ConversionSession.<init>(Convertable.java:198) ~[patched_1.16.1.jar:git-Paper-10]
	at net.minecraft.server.v1_16_R1.Convertable.c(Convertable.java:180) ~[patched_1.16.1.jar:git-Paper-10]
	at net.minecraft.server.v1_16_R1.MinecraftServer.loadWorld(MinecraftServer.java:362) ~[patched_1.16.1.jar:git-Paper-10]
	at net.minecraft.server.v1_16_R1.DedicatedServer.init(DedicatedServer.java:241) ~[patched_1.16.1.jar:git-Paper-10]
	at net.minecraft.server.v1_16_R1.MinecraftServer.v(MinecraftServer.java:940) ~[patched_1.16.1.jar:git-Paper-10]
	at net.minecraft.server.v1_16_R1.MinecraftServer.lambda$a$0(MinecraftServer.java:177) ~[patched_1.16.1.jar:git-Paper-10]
	at java.lang.Thread.run(Thread.java:748) [?:1.8.0_212]
[09:53:04] [Server thread/ERROR]: This crash report has been saved to: C:\Users\Dan\Desktop\Test 1.16 Server\.\crash-reports\crash-2020-06-28_09.53.04-server.txt
[09:53:04] [Server thread/INFO]: Stopping server (Ignore any thread death message you see! - DO NOT REPORT THREAD DEATH TO PAPER)
[09:53:04] [Server thread/INFO]: [WorldEdit] Disabling WorldEdit v7.1.0;8e55131
[09:53:04] [Server thread/INFO]: Unregistering com.sk89q.worldedit.bukkit.BukkitServerInterface from WorldEdit
[09:53:04] [Server thread/INFO]: [LuckPerms] Disabling LuckPerms v5.1.63
[09:53:04] [Server thread/INFO]: [LuckPerms] Starting shutdown process...
[09:53:04] [Server thread/INFO]: [LuckPerms] Closing storage...
[09:53:04] [Server thread/INFO]: [LuckPerms] Goodbye!
[09:53:04] [Server thread/INFO]: Saving players
[09:53:05] [Server thread/INFO]: Saving worlds
[09:53:05] [Server thread/INFO]: Saving chunks for level 'ServerLevel[world]'/minecraft:overworld
[09:53:05] [Server thread/INFO]: ThreadedAnvilChunkStorage (world): All chunks are saved
[09:53:05] [Server thread/INFO]: ThreadedAnvilChunkStorage (world): All chunks are saved
[09:53:05] [Server thread/INFO]: Flushing Chunk IO
[09:53:05] [Server thread/INFO]: Closing Thread Pool
[09:53:05] [Server thread/INFO]: Closing Server
