[10:23:53] [main/INFO]: Environment: authHost='https://authserver.mojang.com', accountsHost='https://api.mojang.com', sessionHost='https://sessionserver.mojang.com', name='PROD'
[10:23:54] [main/INFO]: Reloading ResourceManager: Default, bukkit
[10:23:54] [Server-Worker-13/INFO]: Loaded 7 recipes
[10:23:56] [Server thread/INFO]: Starting minecraft server version 1.16.1
[10:23:56] [Server thread/INFO]: Loading properties
[10:23:56] [Server thread/INFO]: This server is running Paper version git-Paper-10 (MC: 1.16.1) (Implementing API version 1.16.1-R0.1-SNAPSHOT)
[10:23:56] [Server thread/INFO]: Server Ping Player Sample Count: 12
[10:23:56] [Server thread/INFO]: Using 4 threads for Netty based IO
[10:23:56] [Server thread/INFO]: Debug logging is disabled
[10:23:56] [Server thread/INFO]: Default game type: SURVIVAL
[10:23:56] [Server thread/INFO]: Generating keypair
[10:23:56] [Server thread/INFO]: Starting Minecraft server on *:25565
[10:23:56] [Server thread/INFO]: Using default channel type
[10:23:57] [Server thread/INFO]: [LuckPerms] Loading LuckPerms v5.1.63
[10:23:57] [Server thread/INFO]: [WorldEdit] Loading WorldEdit v7.1.0;8e55131
[10:23:58] [Server thread/INFO]: Got request to register class com.sk89q.worldedit.bukkit.BukkitServerInterface with WorldEdit [com.sk89q.worldedit.extension.platform.PlatformManager@72734307]
[10:23:58] [Server thread/INFO]: [WorldGuard] Loading WorldGuard v7.0.4-beta1;bc551da
[10:23:58] [Server thread/INFO]: Server permissions file permissions.yml is empty, ignoring it
[10:23:58] [Server thread/INFO]: [LuckPerms] Enabling LuckPerms v5.1.63
[10:23:58] [Server thread/INFO]:         __    
[10:23:58] [Server thread/INFO]:   |    |__)   LuckPerms v5.1.63
[10:23:58] [Server thread/INFO]:   |___ |      Running on Bukkit - Paper
[10:23:58] [Server thread/INFO]: 
[10:23:58] [Server thread/INFO]: [LuckPerms] Loading configuration...
[10:23:58] [Server thread/INFO]: [LuckPerms] Loading storage provider... [H2]
[10:24:00] [Server thread/INFO]: [LuckPerms] Loading internal permission managers...
[10:24:00] [Server thread/INFO]: [LuckPerms] Performing initial data load...
[10:24:00] [Server thread/INFO]: [LuckPerms] Successfully enabled. (took 2072ms)
[10:24:00] [Server thread/INFO]: [WorldEdit] Enabling WorldEdit v7.1.0;8e55131
[10:24:00] [Server thread/INFO]: WEPIF: Using the Bukkit Permissions API.
[10:24:01] [Server thread/WARN]: 
**********************************************
** This WorldEdit version does not fully support your version of Bukkit.
**
** When working with blocks or undoing, chests will be empty, signs
** will be blank, and so on. There will be no support for entity
** and block property-related functions.
**
** Please see https://worldedit.enginehub.org/en/latest/faq/#bukkit-adapters
**********************************************

[10:24:01] [Server thread/INFO]: Preparing level "world"
[10:24:01] [Server thread/INFO]: -------- World Settings For [world] --------
[10:24:01] [Server thread/INFO]: Entity Tracking Range: Pl 48 / An 48 / Mo 48 / Mi 32 / Other 64
[10:24:01] [Server thread/INFO]: Allow Zombie Pigmen to spawn from portal blocks: true
[10:24:01] [Server thread/INFO]: View Distance: 10
[10:24:01] [Server thread/INFO]: Item Despawn Rate: 6000
[10:24:01] [Server thread/INFO]: Item Merge Radius: 2.5
[10:24:01] [Server thread/INFO]: Zombie Aggressive Towards Villager: true
[10:24:01] [Server thread/INFO]: Arrow Despawn Rate: 1200 Trident Respawn Rate:1200
[10:24:01] [Server thread/INFO]: Nerfing mobs spawned from spawners: false
[10:24:01] [Server thread/INFO]: Mob Spawn Range: 8
[10:24:01] [Server thread/INFO]: Custom Map Seeds:  Village: 10387312 Desert: 14357617 Igloo: 14357618 Jungle: 14357619 Swamp: 14357620 Monument: 10387313 Ocean: 14357621 Shipwreck: 165745295 End City: 10387313 Slime: 987234911 Bastion: 30084232 Fortress: 30084232 Mansion: 10387319 Fossil: 14357921 Portal: 34222645
[10:24:01] [Server thread/INFO]: Experience Merge Radius: 3.0
[10:24:01] [Server thread/INFO]: Cactus Growth Modifier: 100%
[10:24:01] [Server thread/INFO]: Cane Growth Modifier: 100%
[10:24:01] [Server thread/INFO]: Melon Growth Modifier: 100%
[10:24:01] [Server thread/INFO]: Mushroom Growth Modifier: 100%
[10:24:01] [Server thread/INFO]: Pumpkin Growth Modifier: 100%
[10:24:01] [Server thread/INFO]: Sapling Growth Modifier: 100%
[10:24:01] [Server thread/INFO]: Beetroot Growth Modifier: 100%
[10:24:01] [Server thread/INFO]: Carrot Growth Modifier: 100%
[10:24:01] [Server thread/INFO]: Potato Growth Modifier: 100%
[10:24:01] [Server thread/INFO]: Wheat Growth Modifier: 100%
[10:24:01] [Server thread/INFO]: NetherWart Growth Modifier: 100%
[10:24:01] [Server thread/INFO]: Vine Growth Modifier: 100%
[10:24:01] [Server thread/INFO]: Cocoa Growth Modifier: 100%
[10:24:01] [Server thread/INFO]: Bamboo Growth Modifier: 100%
[10:24:01] [Server thread/INFO]: SweetBerry Growth Modifier: 100%
[10:24:01] [Server thread/INFO]: Kelp Growth Modifier: 100%
[10:24:01] [Server thread/INFO]: Hopper Transfer: 8 Hopper Check: 1 Hopper Amount: 1
[10:24:01] [Server thread/INFO]: Entity Activation Range: An 32 / Mo 32 / Ra 48 / Mi 16 / Tiv true
[10:24:01] [Server thread/INFO]: Max TNT Explosions: 100
[10:24:01] [Server thread/INFO]: Tile Max Tick Time: 50ms Entity max Tick Time: 50ms
[10:24:01] [Server thread/INFO]: Registering commands with com.sk89q.worldedit.bukkit.BukkitServerInterface
[10:24:01] [Server thread/INFO]: -------- World Settings For [world_nether] --------
[10:24:01] [Server thread/INFO]: Entity Tracking Range: Pl 48 / An 48 / Mo 48 / Mi 32 / Other 64
[10:24:01] [Server thread/INFO]: Allow Zombie Pigmen to spawn from portal blocks: true
[10:24:01] [Server thread/INFO]: View Distance: 10
[10:24:01] [Server thread/INFO]: Item Despawn Rate: 6000
[10:24:01] [Server thread/INFO]: Item Merge Radius: 2.5
[10:24:01] [Server thread/INFO]: Zombie Aggressive Towards Villager: true
[10:24:01] [Server thread/INFO]: Arrow Despawn Rate: 1200 Trident Respawn Rate:1200
[10:24:01] [Server thread/INFO]: Nerfing mobs spawned from spawners: false
[10:24:01] [Server thread/INFO]: Mob Spawn Range: 8
[10:24:01] [Server thread/INFO]: Custom Map Seeds:  Village: 10387312 Desert: 14357617 Igloo: 14357618 Jungle: 14357619 Swamp: 14357620 Monument: 10387313 Ocean: 14357621 Shipwreck: 165745295 End City: 10387313 Slime: 987234911 Bastion: 30084232 Fortress: 30084232 Mansion: 10387319 Fossil: 14357921 Portal: 34222645
[10:24:01] [Server thread/INFO]: Experience Merge Radius: 3.0
[10:24:01] [Server thread/INFO]: Cactus Growth Modifier: 100%
[10:24:01] [Server thread/INFO]: Cane Growth Modifier: 100%
[10:24:01] [Server thread/INFO]: Melon Growth Modifier: 100%
[10:24:01] [Server thread/INFO]: Mushroom Growth Modifier: 100%
[10:24:01] [Server thread/INFO]: Pumpkin Growth Modifier: 100%
[10:24:01] [Server thread/INFO]: Sapling Growth Modifier: 100%
[10:24:01] [Server thread/INFO]: Beetroot Growth Modifier: 100%
[10:24:01] [Server thread/INFO]: Carrot Growth Modifier: 100%
[10:24:01] [Server thread/INFO]: Potato Growth Modifier: 100%
[10:24:01] [Server thread/INFO]: Wheat Growth Modifier: 100%
[10:24:01] [Server thread/INFO]: NetherWart Growth Modifier: 100%
[10:24:01] [Server thread/INFO]: Vine Growth Modifier: 100%
[10:24:01] [Server thread/INFO]: Cocoa Growth Modifier: 100%
[10:24:01] [Server thread/INFO]: Bamboo Growth Modifier: 100%
[10:24:01] [Server thread/INFO]: SweetBerry Growth Modifier: 100%
[10:24:01] [Server thread/INFO]: Kelp Growth Modifier: 100%
[10:24:01] [Server thread/INFO]: Hopper Transfer: 8 Hopper Check: 1 Hopper Amount: 1
[10:24:01] [Server thread/INFO]: Entity Activation Range: An 32 / Mo 32 / Ra 48 / Mi 16 / Tiv true
[10:24:01] [Server thread/INFO]: Max TNT Explosions: 100
[10:24:01] [Server thread/INFO]: Tile Max Tick Time: 50ms Entity max Tick Time: 50ms
[10:24:01] [Server thread/INFO]: -------- World Settings For [world_the_end] --------
[10:24:01] [Server thread/INFO]: Entity Tracking Range: Pl 48 / An 48 / Mo 48 / Mi 32 / Other 64
[10:24:01] [Server thread/INFO]: Allow Zombie Pigmen to spawn from portal blocks: true
[10:24:01] [Server thread/INFO]: View Distance: 10
[10:24:01] [Server thread/INFO]: Item Despawn Rate: 6000
[10:24:01] [Server thread/INFO]: Item Merge Radius: 2.5
[10:24:01] [Server thread/INFO]: Zombie Aggressive Towards Villager: true
[10:24:01] [Server thread/INFO]: Arrow Despawn Rate: 1200 Trident Respawn Rate:1200
[10:24:01] [Server thread/INFO]: Nerfing mobs spawned from spawners: false
[10:24:01] [Server thread/INFO]: Mob Spawn Range: 8
[10:24:01] [Server thread/INFO]: Custom Map Seeds:  Village: 10387312 Desert: 14357617 Igloo: 14357618 Jungle: 14357619 Swamp: 14357620 Monument: 10387313 Ocean: 14357621 Shipwreck: 165745295 End City: 10387313 Slime: 987234911 Bastion: 30084232 Fortress: 30084232 Mansion: 10387319 Fossil: 14357921 Portal: 34222645
[10:24:01] [Server thread/INFO]: Experience Merge Radius: 3.0
[10:24:01] [Server thread/INFO]: Cactus Growth Modifier: 100%
[10:24:01] [Server thread/INFO]: Cane Growth Modifier: 100%
[10:24:01] [Server thread/INFO]: Melon Growth Modifier: 100%
[10:24:01] [Server thread/INFO]: Mushroom Growth Modifier: 100%
[10:24:01] [Server thread/INFO]: Pumpkin Growth Modifier: 100%
[10:24:01] [Server thread/INFO]: Sapling Growth Modifier: 100%
[10:24:01] [Server thread/INFO]: Beetroot Growth Modifier: 100%
[10:24:01] [Server thread/INFO]: Carrot Growth Modifier: 100%
[10:24:01] [Server thread/INFO]: Potato Growth Modifier: 100%
[10:24:01] [Server thread/INFO]: Wheat Growth Modifier: 100%
[10:24:01] [Server thread/INFO]: NetherWart Growth Modifier: 100%
[10:24:01] [Server thread/INFO]: Vine Growth Modifier: 100%
[10:24:01] [Server thread/INFO]: Cocoa Growth Modifier: 100%
[10:24:01] [Server thread/INFO]: Bamboo Growth Modifier: 100%
[10:24:01] [Server thread/INFO]: SweetBerry Growth Modifier: 100%
[10:24:01] [Server thread/INFO]: Kelp Growth Modifier: 100%
[10:24:01] [Server thread/INFO]: Hopper Transfer: 8 Hopper Check: 1 Hopper Amount: 1
[10:24:01] [Server thread/INFO]: Entity Activation Range: An 32 / Mo 32 / Ra 48 / Mi 16 / Tiv true
[10:24:01] [Server thread/INFO]: Max TNT Explosions: 100
[10:24:01] [Server thread/INFO]: Tile Max Tick Time: 50ms Entity max Tick Time: 50ms
[10:24:01] [Server thread/INFO]: Preparing start region for dimension minecraft:overworld
[10:24:02] [Server thread/INFO]: Loaded 0 spawn chunks for world world
[10:24:02] [Server thread/INFO]: Preparing spawn area: 0%
[10:24:02] [Server thread/INFO]: Preparing spawn area: 0%
[10:24:02] [Server thread/INFO]: Preparing spawn area: 0%
[10:24:03] [Server thread/INFO]: Time elapsed: 1053 ms
[10:24:03] [Server thread/INFO]: Preparing start region for dimension minecraft:the_nether
[10:24:03] [Server thread/INFO]: Loaded 0 spawn chunks for world world_nether
[10:24:03] [Server thread/INFO]: Preparing spawn area: 0%
[10:24:03] [Server thread/INFO]: Preparing spawn area: 0%
[10:24:03] [Server thread/INFO]: Time elapsed: 640 ms
[10:24:03] [Server thread/INFO]: Preparing start region for dimension minecraft:the_end
[10:24:03] [Server thread/INFO]: Loaded 0 spawn chunks for world world_the_end
[10:24:04] [Server thread/INFO]: Time elapsed: 417 ms
[10:24:04] [Server thread/INFO]: [WorldGuard] Enabling WorldGuard v7.0.4-beta1;bc551da
[10:24:04] [Server thread/INFO]: [WorldGuard] (world) TNT ignition is PERMITTED.
[10:24:04] [Server thread/INFO]: [WorldGuard] (world) Lighters are PERMITTED.
[10:24:04] [Server thread/INFO]: [WorldGuard] (world) Lava fire is PERMITTED.
[10:24:04] [Server thread/INFO]: [WorldGuard] (world) Fire spread is UNRESTRICTED.
[10:24:04] [Server thread/INFO]: [WorldGuard] Loaded configuration for world 'world'
[10:24:04] [Server thread/INFO]: [WorldGuard] (world_nether) TNT ignition is PERMITTED.
[10:24:04] [Server thread/INFO]: [WorldGuard] (world_nether) Lighters are PERMITTED.
[10:24:04] [Server thread/INFO]: [WorldGuard] (world_nether) Lava fire is PERMITTED.
[10:24:04] [Server thread/INFO]: [WorldGuard] (world_nether) Fire spread is UNRESTRICTED.
[10:24:04] [Server thread/INFO]: [WorldGuard] Loaded configuration for world 'world_nether'
[10:24:04] [Server thread/INFO]: [WorldGuard] (world_the_end) TNT ignition is PERMITTED.
[10:24:04] [Server thread/INFO]: [WorldGuard] (world_the_end) Lighters are PERMITTED.
[10:24:04] [Server thread/INFO]: [WorldGuard] (world_the_end) Lava fire is PERMITTED.
[10:24:04] [Server thread/INFO]: [WorldGuard] (world_the_end) Fire spread is UNRESTRICTED.
[10:24:04] [Server thread/INFO]: [WorldGuard] Loaded configuration for world 'world_the_end'
[10:24:04] [Server thread/INFO]: [WorldGuard] Loading region data...
[10:24:04] [Server thread/INFO]: Running delayed init tasks
[10:24:04] [Server thread/INFO]: Done (8.786s)! For help, type "help"
[10:24:04] [Server thread/INFO]: Timings Reset
[10:24:12] [User Authenticator #1/INFO]: UUID of player KeylAmi is 4b52519a-da2e-4091-b6f7-caa4c8434a01
[10:24:12] [Server thread/INFO]: KeylAmi joined the game
[10:24:12] [Server thread/INFO]: KeylAmi[/192.168.2.1:61746] logged in with entity id 287 at ([world]-188.35438429841616, 66.0, -53.110351055896885)
[10:24:22] [Server thread/INFO]: KeylAmi issued server command: /plugins
[10:25:53] [Server thread/INFO]: Stopping the server
[10:25:53] [Server thread/INFO]: Stopping server (Ignore any thread death message you see! - DO NOT REPORT THREAD DEATH TO PAPER)
[10:25:53] [Server thread/INFO]: [WorldGuard] Disabling WorldGuard v7.0.4-beta1;bc551da
[10:25:53] [Server thread/INFO]: [WorldGuard] Shutting down executor and cancelling any pending tasks...
[10:25:53] [Server thread/INFO]: [WorldEdit] Disabling WorldEdit v7.1.0;8e55131
[10:25:53] [Server thread/INFO]: Unregistering com.sk89q.worldedit.bukkit.BukkitServerInterface from WorldEdit
[10:25:53] [Server thread/INFO]: [LuckPerms] Disabling LuckPerms v5.1.63
[10:25:53] [Server thread/INFO]: [LuckPerms] Starting shutdown process...
[10:25:53] [Server thread/INFO]: [LuckPerms] Closing storage...
[10:25:54] [Server thread/INFO]: [LuckPerms] Goodbye!
[10:25:54] [Server thread/INFO]: Saving players
[10:25:54] [Server thread/INFO]: KeylAmi lost connection: Server closed
[10:25:54] [Server thread/INFO]: KeylAmi left the game
[10:25:54] [Server thread/INFO]: Saving worlds
[10:25:54] [Server thread/INFO]: Saving chunks for level 'ServerLevel[world]'/minecraft:overworld
[10:25:55] [Server thread/INFO]: ThreadedAnvilChunkStorage (world): All chunks are saved
[10:25:55] [Server thread/INFO]: Saving chunks for level 'ServerLevel[world_nether]'/minecraft:the_nether
[10:25:55] [Server thread/INFO]: ThreadedAnvilChunkStorage (DIM-1): All chunks are saved
[10:25:55] [Server thread/INFO]: Saving chunks for level 'ServerLevel[world_the_end]'/minecraft:the_end
[10:25:55] [Server thread/INFO]: ThreadedAnvilChunkStorage (DIM1): All chunks are saved
[10:25:55] [Server thread/INFO]: ThreadedAnvilChunkStorage (world): All chunks are saved
[10:25:56] [Server thread/INFO]: ThreadedAnvilChunkStorage (DIM-1): All chunks are saved
[10:25:57] [Server thread/INFO]: ThreadedAnvilChunkStorage (DIM1): All chunks are saved
[10:25:57] [Server thread/INFO]: Flushing Chunk IO
[10:25:57] [Server thread/INFO]: Closing Thread Pool
[10:25:57] [Server thread/INFO]: Closing Server
